<?xml version="1.0" encoding="UTF-8" ?>
<testsuite errors="0" failures="0" hostname="303-32" name="CalculatorTest" skipped="0" tests="3" time="0.03" timestamp="2016-05-09T11:27:11">
  <properties>
[...]
</properties>
  <testcase classname="CalculatorTest" name="testDivide" time="0.001" />
  <testcase classname="CalculatorTest" name="testSubstract" time="0.0" />
  <testcase classname="CalculatorTest" name="testAdd" time="0.0" />
  <system-out><![CDATA[]]></system-out>
  <system-err><![CDATA[]]></system-err>
</testsuite>
